<?xml version="1.0" encoding="UTF-8"?>
<testsuite xmlns:xsi="http://www.w3.org/2001/XMLSchema-instance" xsi:noNamespaceSchemaLocation="https://maven.apache.org/surefire/maven-surefire-plugin/xsd/surefire-test-report.xsd" name="com.menglin.BookSystemApplicationTests" time="7.281" tests="1" errors="0" skipped="0" failures="0">
  <properties>
    <property name="java.specification.version" value="17"/>
    <property name="sun.cpu.isalist" value="amd64"/>
    <property name="sun.jnu.encoding" value="GBK"/>
    <property name="java.class.path" value="E:\Java\BookSystem\target\test-classes;E:\Java\BookSystem\target\classes;E:\Maven\org\springframework\boot\spring-boot-starter-web\2.7.9\spring-boot-starter-web-2.7.9.jar;E:\Maven\org\springframework\boot\spring-boot-starter\2.7.9\spring-boot-starter-2.7.9.jar;E:\Maven\org\springframework\boot\spring-boot-starter-logging\2.7.9\spring-boot-starter-logging-2.7.9.jar;E:\Maven\ch\qos\logback\logback-classic\1.2.11\logback-classic-1.2.11.jar;E:\Maven\ch\qos\logback\logback-core\1.2.11\logback-core-1.2.11.jar;E:\Maven\org\apache\logging\log4j\log4j-to-slf4j\2.17.2\log4j-to-slf4j-2.17.2.jar;E:\Maven\org\apache\logging\log4j\log4j-api\2.17.2\log4j-api-2.17.2.jar;E:\Maven\org\slf4j\jul-to-slf4j\1.7.36\jul-to-slf4j-1.7.36.jar;E:\Maven\jakarta\annotation\jakarta.annotation-api\1.3.5\jakarta.annotation-api-1.3.5.jar;E:\Maven\org\yaml\snakeyaml\1.30\snakeyaml-1.30.jar;E:\Maven\org\springframework\boot\spring-boot-starter-json\2.7.9\spring-boot-starter-json-2.7.9.jar;E:\Maven\com\fasterxml\jackson\core\jackson-databind\2.13.5\jackson-databind-2.13.5.jar;E:\Maven\com\fasterxml\jackson\core\jackson-annotations\2.13.5\jackson-annotations-2.13.5.jar;E:\Maven\com\fasterxml\jackson\core\jackson-core\2.13.5\jackson-core-2.13.5.jar;E:\Maven\com\fasterxml\jackson\datatype\jackson-datatype-jdk8\2.13.5\jackson-datatype-jdk8-2.13.5.jar;E:\Maven\com\fasterxml\jackson\datatype\jackson-datatype-jsr310\2.13.5\jackson-datatype-jsr310-2.13.5.jar;E:\Maven\com\fasterxml\jackson\module\jackson-module-parameter-names\2.13.5\jackson-module-parameter-names-2.13.5.jar;E:\Maven\org\springframework\boot\spring-boot-starter-tomcat\2.7.9\spring-boot-starter-tomcat-2.7.9.jar;E:\Maven\org\apache\tomcat\embed\tomcat-embed-core\9.0.71\tomcat-embed-core-9.0.71.jar;E:\Maven\org\apache\tomcat\embed\tomcat-embed-el\9.0.71\tomcat-embed-el-9.0.71.jar;E:\Maven\org\apache\tomcat\embed\tomcat-embed-websocket\9.0.71\tomcat-embed-websocket-9.0.71.jar;E:\Maven\org\springframework\spring-web\5.3.25\spring-web-5.3.25.jar;E:\Maven\org\springframework\spring-beans\5.3.25\spring-beans-5.3.25.jar;E:\Maven\org\springframework\spring-webmvc\5.3.25\spring-webmvc-5.3.25.jar;E:\Maven\org\springframework\spring-aop\5.3.25\spring-aop-5.3.25.jar;E:\Maven\org\springframework\spring-context\5.3.25\spring-context-5.3.25.jar;E:\Maven\org\springframework\spring-expression\5.3.25\spring-expression-5.3.25.jar;E:\Maven\com\mysql\mysql-connector-j\8.0.32\mysql-connector-j-8.0.32.jar;E:\Maven\org\springframework\boot\spring-boot-starter-test\2.7.9\spring-boot-starter-test-2.7.9.jar;E:\Maven\org\springframework\boot\spring-boot-test\2.7.9\spring-boot-test-2.7.9.jar;E:\Maven\org\springframework\boot\spring-boot-test-autoconfigure\2.7.9\spring-boot-test-autoconfigure-2.7.9.jar;E:\Maven\com\jayway\jsonpath\json-path\2.7.0\json-path-2.7.0.jar;E:\Maven\net\minidev\json-smart\2.4.8\json-smart-2.4.8.jar;E:\Maven\net\minidev\accessors-smart\2.4.8\accessors-smart-2.4.8.jar;E:\Maven\org\ow2\asm\asm\9.1\asm-9.1.jar;E:\Maven\org\slf4j\slf4j-api\1.7.36\slf4j-api-1.7.36.jar;E:\Maven\jakarta\xml\bind\jakarta.xml.bind-api\2.3.3\jakarta.xml.bind-api-2.3.3.jar;E:\Maven\jakarta\activation\jakarta.activation-api\1.2.2\jakarta.activation-api-1.2.2.jar;E:\Maven\org\assertj\assertj-core\3.22.0\assertj-core-3.22.0.jar;E:\Maven\org\hamcrest\hamcrest\2.2\hamcrest-2.2.jar;E:\Maven\org\junit\jupiter\junit-jupiter\5.8.2\junit-jupiter-5.8.2.jar;E:\Maven\org\junit\jupiter\junit-jupiter-api\5.8.2\junit-jupiter-api-5.8.2.jar;E:\Maven\org\opentest4j\opentest4j\1.2.0\opentest4j-1.2.0.jar;E:\Maven\org\junit\platform\junit-platform-commons\1.8.2\junit-platform-commons-1.8.2.jar;E:\Maven\org\apiguardian\apiguardian-api\1.1.2\apiguardian-api-1.1.2.jar;E:\Maven\org\junit\jupiter\junit-jupiter-params\5.8.2\junit-jupiter-params-5.8.2.jar;E:\Maven\org\junit\jupiter\junit-jupiter-engine\5.8.2\junit-jupiter-engine-5.8.2.jar;E:\Maven\org\junit\platform\junit-platform-engine\1.8.2\junit-platform-engine-1.8.2.jar;E:\Maven\org\mockito\mockito-core\4.5.1\mockito-core-4.5.1.jar;E:\Maven\net\bytebuddy\byte-buddy\1.12.23\byte-buddy-1.12.23.jar;E:\Maven\net\bytebuddy\byte-buddy-agent\1.12.23\byte-buddy-agent-1.12.23.jar;E:\Maven\org\objenesis\objenesis\3.2\objenesis-3.2.jar;E:\Maven\org\mockito\mockito-junit-jupiter\4.5.1\mockito-junit-jupiter-4.5.1.jar;E:\Maven\org\skyscreamer\jsonassert\1.5.1\jsonassert-1.5.1.jar;E:\Maven\com\vaadin\external\google\android-json\0.0.20131108.vaadin1\android-json-0.0.20131108.vaadin1.jar;E:\Maven\org\springframework\spring-core\5.3.25\spring-core-5.3.25.jar;E:\Maven\org\springframework\spring-jcl\5.3.25\spring-jcl-5.3.25.jar;E:\Maven\org\springframework\spring-test\5.3.25\spring-test-5.3.25.jar;E:\Maven\org\xmlunit\xmlunit-core\2.9.1\xmlunit-core-2.9.1.jar;E:\Maven\org\projectlombok\lombok\1.18.26\lombok-1.18.26.jar;E:\Maven\org\mybatis\spring\boot\mybatis-spring-boot-starter\2.1.3\mybatis-spring-boot-starter-2.1.3.jar;E:\Maven\org\springframework\boot\spring-boot-starter-jdbc\2.7.9\spring-boot-starter-jdbc-2.7.9.jar;E:\Maven\com\zaxxer\HikariCP\4.0.3\HikariCP-4.0.3.jar;E:\Maven\org\springframework\spring-jdbc\5.3.25\spring-jdbc-5.3.25.jar;E:\Maven\org\mybatis\spring\boot\mybatis-spring-boot-autoconfigure\2.1.3\mybatis-spring-boot-autoconfigure-2.1.3.jar;E:\Maven\org\mybatis\mybatis\3.5.5\mybatis-3.5.5.jar;E:\Maven\org\mybatis\mybatis-spring\2.0.5\mybatis-spring-2.0.5.jar;E:\Maven\com\alibaba\druid\1.1.1\druid-1.1.1.jar;E:\Maven\org\springframework\boot\spring-boot-devtools\2.7.9\spring-boot-devtools-2.7.9.jar;E:\Maven\org\springframework\boot\spring-boot\2.7.9\spring-boot-2.7.9.jar;E:\Maven\org\springframework\boot\spring-boot-autoconfigure\2.7.9\spring-boot-autoconfigure-2.7.9.jar;E:\Maven\org\springframework\boot\spring-boot-configuration-processor\2.7.9\spring-boot-configuration-processor-2.7.9.jar;E:\Maven\org\springframework\boot\spring-boot-starter-data-jpa\2.7.9\spring-boot-starter-data-jpa-2.7.9.jar;E:\Maven\org\springframework\boot\spring-boot-starter-aop\2.7.9\spring-boot-starter-aop-2.7.9.jar;E:\Maven\org\aspectj\aspectjweaver\1.9.7\aspectjweaver-1.9.7.jar;E:\Maven\jakarta\transaction\jakarta.transaction-api\1.3.3\jakarta.transaction-api-1.3.3.jar;E:\Maven\jakarta\persistence\jakarta.persistence-api\2.2.3\jakarta.persistence-api-2.2.3.jar;E:\Maven\org\hibernate\hibernate-core\5.6.15.Final\hibernate-core-5.6.15.Final.jar;E:\Maven\org\jboss\logging\jboss-logging\3.4.3.Final\jboss-logging-3.4.3.Final.jar;E:\Maven\antlr\antlr\2.7.7\antlr-2.7.7.jar;E:\Maven\org\jboss\jandex\2.4.2.Final\jandex-2.4.2.Final.jar;E:\Maven\com\fasterxml\classmate\1.5.1\classmate-1.5.1.jar;E:\Maven\org\hibernate\common\hibernate-commons-annotations\5.1.2.Final\hibernate-commons-annotations-5.1.2.Final.jar;E:\Maven\org\glassfish\jaxb\jaxb-runtime\2.3.8\jaxb-runtime-2.3.8.jar;E:\Maven\org\glassfish\jaxb\txw2\2.3.8\txw2-2.3.8.jar;E:\Maven\com\sun\istack\istack-commons-runtime\3.0.12\istack-commons-runtime-3.0.12.jar;E:\Maven\com\sun\activation\jakarta.activation\1.2.2\jakarta.activation-1.2.2.jar;E:\Maven\org\springframework\data\spring-data-jpa\2.7.8\spring-data-jpa-2.7.8.jar;E:\Maven\org\springframework\data\spring-data-commons\2.7.8\spring-data-commons-2.7.8.jar;E:\Maven\org\springframework\spring-orm\5.3.25\spring-orm-5.3.25.jar;E:\Maven\org\springframework\spring-tx\5.3.25\spring-tx-5.3.25.jar;E:\Maven\org\springframework\spring-aspects\5.3.25\spring-aspects-5.3.25.jar;E:\Maven\junit\junit\4.13.2\junit-4.13.2.jar;E:\Maven\org\hamcrest\hamcrest-core\2.2\hamcrest-core-2.2.jar;"/>
    <property name="java.vm.vendor" value="Oracle Corporation"/>
    <property name="sun.arch.data.model" value="64"/>
    <property name="user.variant" value=""/>
    <property name="java.vendor.url" value="https://java.oracle.com/"/>
    <property name="user.timezone" value="Asia/Shanghai"/>
    <property name="os.name" value="Windows 11"/>
    <property name="java.vm.specification.version" value="17"/>
    <property name="sun.java.launcher" value="SUN_STANDARD"/>
    <property name="user.country" value="CN"/>
    <property name="sun.boot.library.path" value="D:\Java\jdk_17\bin"/>
    <property name="sun.java.command" value="C:\Users\夢燐\AppData\Local\Temp\surefire3251235706194174139\surefirebooter15738190196918336106.jar C:\Users\夢燐\AppData\Local\Temp\surefire3251235706194174139 2023-03-10T09-21-48_782-jvmRun1 surefire7060109433497672622tmp surefire_04902489564146448168tmp"/>
    <property name="jdk.debug" value="release"/>
    <property name="surefire.test.class.path" value="E:\Java\BookSystem\target\test-classes;E:\Java\BookSystem\target\classes;E:\Maven\org\springframework\boot\spring-boot-starter-web\2.7.9\spring-boot-starter-web-2.7.9.jar;E:\Maven\org\springframework\boot\spring-boot-starter\2.7.9\spring-boot-starter-2.7.9.jar;E:\Maven\org\springframework\boot\spring-boot-starter-logging\2.7.9\spring-boot-starter-logging-2.7.9.jar;E:\Maven\ch\qos\logback\logback-classic\1.2.11\logback-classic-1.2.11.jar;E:\Maven\ch\qos\logback\logback-core\1.2.11\logback-core-1.2.11.jar;E:\Maven\org\apache\logging\log4j\log4j-to-slf4j\2.17.2\log4j-to-slf4j-2.17.2.jar;E:\Maven\org\apache\logging\log4j\log4j-api\2.17.2\log4j-api-2.17.2.jar;E:\Maven\org\slf4j\jul-to-slf4j\1.7.36\jul-to-slf4j-1.7.36.jar;E:\Maven\jakarta\annotation\jakarta.annotation-api\1.3.5\jakarta.annotation-api-1.3.5.jar;E:\Maven\org\yaml\snakeyaml\1.30\snakeyaml-1.30.jar;E:\Maven\org\springframework\boot\spring-boot-starter-json\2.7.9\spring-boot-starter-json-2.7.9.jar;E:\Maven\com\fasterxml\jackson\core\jackson-databind\2.13.5\jackson-databind-2.13.5.jar;E:\Maven\com\fasterxml\jackson\core\jackson-annotations\2.13.5\jackson-annotations-2.13.5.jar;E:\Maven\com\fasterxml\jackson\core\jackson-core\2.13.5\jackson-core-2.13.5.jar;E:\Maven\com\fasterxml\jackson\datatype\jackson-datatype-jdk8\2.13.5\jackson-datatype-jdk8-2.13.5.jar;E:\Maven\com\fasterxml\jackson\datatype\jackson-datatype-jsr310\2.13.5\jackson-datatype-jsr310-2.13.5.jar;E:\Maven\com\fasterxml\jackson\module\jackson-module-parameter-names\2.13.5\jackson-module-parameter-names-2.13.5.jar;E:\Maven\org\springframework\boot\spring-boot-starter-tomcat\2.7.9\spring-boot-starter-tomcat-2.7.9.jar;E:\Maven\org\apache\tomcat\embed\tomcat-embed-core\9.0.71\tomcat-embed-core-9.0.71.jar;E:\Maven\org\apache\tomcat\embed\tomcat-embed-el\9.0.71\tomcat-embed-el-9.0.71.jar;E:\Maven\org\apache\tomcat\embed\tomcat-embed-websocket\9.0.71\tomcat-embed-websocket-9.0.71.jar;E:\Maven\org\springframework\spring-web\5.3.25\spring-web-5.3.25.jar;E:\Maven\org\springframework\spring-beans\5.3.25\spring-beans-5.3.25.jar;E:\Maven\org\springframework\spring-webmvc\5.3.25\spring-webmvc-5.3.25.jar;E:\Maven\org\springframework\spring-aop\5.3.25\spring-aop-5.3.25.jar;E:\Maven\org\springframework\spring-context\5.3.25\spring-context-5.3.25.jar;E:\Maven\org\springframework\spring-expression\5.3.25\spring-expression-5.3.25.jar;E:\Maven\com\mysql\mysql-connector-j\8.0.32\mysql-connector-j-8.0.32.jar;E:\Maven\org\springframework\boot\spring-boot-starter-test\2.7.9\spring-boot-starter-test-2.7.9.jar;E:\Maven\org\springframework\boot\spring-boot-test\2.7.9\spring-boot-test-2.7.9.jar;E:\Maven\org\springframework\boot\spring-boot-test-autoconfigure\2.7.9\spring-boot-test-autoconfigure-2.7.9.jar;E:\Maven\com\jayway\jsonpath\json-path\2.7.0\json-path-2.7.0.jar;E:\Maven\net\minidev\json-smart\2.4.8\json-smart-2.4.8.jar;E:\Maven\net\minidev\accessors-smart\2.4.8\accessors-smart-2.4.8.jar;E:\Maven\org\ow2\asm\asm\9.1\asm-9.1.jar;E:\Maven\org\slf4j\slf4j-api\1.7.36\slf4j-api-1.7.36.jar;E:\Maven\jakarta\xml\bind\jakarta.xml.bind-api\2.3.3\jakarta.xml.bind-api-2.3.3.jar;E:\Maven\jakarta\activation\jakarta.activation-api\1.2.2\jakarta.activation-api-1.2.2.jar;E:\Maven\org\assertj\assertj-core\3.22.0\assertj-core-3.22.0.jar;E:\Maven\org\hamcrest\hamcrest\2.2\hamcrest-2.2.jar;E:\Maven\org\junit\jupiter\junit-jupiter\5.8.2\junit-jupiter-5.8.2.jar;E:\Maven\org\junit\jupiter\junit-jupiter-api\5.8.2\junit-jupiter-api-5.8.2.jar;E:\Maven\org\opentest4j\opentest4j\1.2.0\opentest4j-1.2.0.jar;E:\Maven\org\junit\platform\junit-platform-commons\1.8.2\junit-platform-commons-1.8.2.jar;E:\Maven\org\apiguardian\apiguardian-api\1.1.2\apiguardian-api-1.1.2.jar;E:\Maven\org\junit\jupiter\junit-jupiter-params\5.8.2\junit-jupiter-params-5.8.2.jar;E:\Maven\org\junit\jupiter\junit-jupiter-engine\5.8.2\junit-jupiter-engine-5.8.2.jar;E:\Maven\org\junit\platform\junit-platform-engine\1.8.2\junit-platform-engine-1.8.2.jar;E:\Maven\org\mockito\mockito-core\4.5.1\mockito-core-4.5.1.jar;E:\Maven\net\bytebuddy\byte-buddy\1.12.23\byte-buddy-1.12.23.jar;E:\Maven\net\bytebuddy\byte-buddy-agent\1.12.23\byte-buddy-agent-1.12.23.jar;E:\Maven\org\objenesis\objenesis\3.2\objenesis-3.2.jar;E:\Maven\org\mockito\mockito-junit-jupiter\4.5.1\mockito-junit-jupiter-4.5.1.jar;E:\Maven\org\skyscreamer\jsonassert\1.5.1\jsonassert-1.5.1.jar;E:\Maven\com\vaadin\external\google\android-json\0.0.20131108.vaadin1\android-json-0.0.20131108.vaadin1.jar;E:\Maven\org\springframework\spring-core\5.3.25\spring-core-5.3.25.jar;E:\Maven\org\springframework\spring-jcl\5.3.25\spring-jcl-5.3.25.jar;E:\Maven\org\springframework\spring-test\5.3.25\spring-test-5.3.25.jar;E:\Maven\org\xmlunit\xmlunit-core\2.9.1\xmlunit-core-2.9.1.jar;E:\Maven\org\projectlombok\lombok\1.18.26\lombok-1.18.26.jar;E:\Maven\org\mybatis\spring\boot\mybatis-spring-boot-starter\2.1.3\mybatis-spring-boot-starter-2.1.3.jar;E:\Maven\org\springframework\boot\spring-boot-starter-jdbc\2.7.9\spring-boot-starter-jdbc-2.7.9.jar;E:\Maven\com\zaxxer\HikariCP\4.0.3\HikariCP-4.0.3.jar;E:\Maven\org\springframework\spring-jdbc\5.3.25\spring-jdbc-5.3.25.jar;E:\Maven\org\mybatis\spring\boot\mybatis-spring-boot-autoconfigure\2.1.3\mybatis-spring-boot-autoconfigure-2.1.3.jar;E:\Maven\org\mybatis\mybatis\3.5.5\mybatis-3.5.5.jar;E:\Maven\org\mybatis\mybatis-spring\2.0.5\mybatis-spring-2.0.5.jar;E:\Maven\com\alibaba\druid\1.1.1\druid-1.1.1.jar;E:\Maven\org\springframework\boot\spring-boot-devtools\2.7.9\spring-boot-devtools-2.7.9.jar;E:\Maven\org\springframework\boot\spring-boot\2.7.9\spring-boot-2.7.9.jar;E:\Maven\org\springframework\boot\spring-boot-autoconfigure\2.7.9\spring-boot-autoconfigure-2.7.9.jar;E:\Maven\org\springframework\boot\spring-boot-configuration-processor\2.7.9\spring-boot-configuration-processor-2.7.9.jar;E:\Maven\org\springframework\boot\spring-boot-starter-data-jpa\2.7.9\spring-boot-starter-data-jpa-2.7.9.jar;E:\Maven\org\springframework\boot\spring-boot-starter-aop\2.7.9\spring-boot-starter-aop-2.7.9.jar;E:\Maven\org\aspectj\aspectjweaver\1.9.7\aspectjweaver-1.9.7.jar;E:\Maven\jakarta\transaction\jakarta.transaction-api\1.3.3\jakarta.transaction-api-1.3.3.jar;E:\Maven\jakarta\persistence\jakarta.persistence-api\2.2.3\jakarta.persistence-api-2.2.3.jar;E:\Maven\org\hibernate\hibernate-core\5.6.15.Final\hibernate-core-5.6.15.Final.jar;E:\Maven\org\jboss\logging\jboss-logging\3.4.3.Final\jboss-logging-3.4.3.Final.jar;E:\Maven\antlr\antlr\2.7.7\antlr-2.7.7.jar;E:\Maven\org\jboss\jandex\2.4.2.Final\jandex-2.4.2.Final.jar;E:\Maven\com\fasterxml\classmate\1.5.1\classmate-1.5.1.jar;E:\Maven\org\hibernate\common\hibernate-commons-annotations\5.1.2.Final\hibernate-commons-annotations-5.1.2.Final.jar;E:\Maven\org\glassfish\jaxb\jaxb-runtime\2.3.8\jaxb-runtime-2.3.8.jar;E:\Maven\org\glassfish\jaxb\txw2\2.3.8\txw2-2.3.8.jar;E:\Maven\com\sun\istack\istack-commons-runtime\3.0.12\istack-commons-runtime-3.0.12.jar;E:\Maven\com\sun\activation\jakarta.activation\1.2.2\jakarta.activation-1.2.2.jar;E:\Maven\org\springframework\data\spring-data-jpa\2.7.8\spring-data-jpa-2.7.8.jar;E:\Maven\org\springframework\data\spring-data-commons\2.7.8\spring-data-commons-2.7.8.jar;E:\Maven\org\springframework\spring-orm\5.3.25\spring-orm-5.3.25.jar;E:\Maven\org\springframework\spring-tx\5.3.25\spring-tx-5.3.25.jar;E:\Maven\org\springframework\spring-aspects\5.3.25\spring-aspects-5.3.25.jar;E:\Maven\junit\junit\4.13.2\junit-4.13.2.jar;E:\Maven\org\hamcrest\hamcrest-core\2.2\hamcrest-core-2.2.jar;"/>
    <property name="sun.cpu.endian" value="little"/>
    <property name="user.home" value="C:\Users\夢燐"/>
    <property name="user.language" value="zh"/>
    <property name="java.specification.vendor" value="Oracle Corporation"/>
    <property name="java.version.date" value="2022-01-18"/>
    <property name="java.home" value="D:\Java\jdk_17"/>
    <property name="file.separator" value="\"/>
    <property name="basedir" value="E:\Java\BookSystem"/>
    <property name="java.vm.compressedOopsMode" value="Zero based"/>
    <property name="line.separator" value="&#10;"/>
    <property name="java.vm.specification.vendor" value="Oracle Corporation"/>
    <property name="java.specification.name" value="Java Platform API Specification"/>
    <property name="surefire.real.class.path" value="C:\Users\夢燐\AppData\Local\Temp\surefire3251235706194174139\surefirebooter15738190196918336106.jar"/>
    <property name="user.script" value=""/>
    <property name="sun.management.compiler" value="HotSpot 64-Bit Tiered Compilers"/>
    <property name="java.runtime.version" value="17.0.2+8-LTS-86"/>
    <property name="user.name" value="夢燐"/>
    <property name="path.separator" value=";"/>
    <property name="os.version" value="10.0"/>
    <property name="java.runtime.name" value="Java(TM) SE Runtime Environment"/>
    <property name="file.encoding" value="GBK"/>
    <property name="java.vm.name" value="Java HotSpot(TM) 64-Bit Server VM"/>
    <property name="localRepository" value="E:\Maven"/>
    <property name="java.vendor.url.bug" value="https://bugreport.java.com/bugreport/"/>
    <property name="java.io.tmpdir" value="C:\Users\夢燐\AppData\Local\Temp\"/>
    <property name="idea.version" value="2022.3.3"/>
    <property name="java.version" value="17.0.2"/>
    <property name="user.dir" value="E:\Java\BookSystem"/>
    <property name="os.arch" value="amd64"/>
    <property name="java.vm.specification.name" value="Java Virtual Machine Specification"/>
    <property name="sun.os.patch.level" value=""/>
    <property name="native.encoding" value="GBK"/>
    <property name="java.library.path" value="D:\Java\jdk_17\bin;C:\WINDOWS\Sun\Java\bin;C:\WINDOWS\system32;C:\WINDOWS;C:\Program Files\Common Files\Oracle\Java\javapath;D:\VMware16\bin\;D:\Oracle\product\11.2.0\dbhome_1\bin;D:\app\夢燐\product\11.2.0\dbhome_3\bin;D;\app\夢燐\product\11.2.0\dbhome_2\bin;D;\app\夢燐\product\11.2.0\dbhome_1\bin;C;\Program Files\Common Files\Oracle\Java\javapath;C:\WINDOWS\system32;C:\WINDOWS;C:\WINDOWS\System32\Wbem;C:\WINDOWS\System32\WindowsPowerShell\v1.0\;C:\WINDOWS\System32\OpenSSH\;C:\Program Files (x86)\NVIDIA Corporation\PhysX\Common;C:\Program Files\NVIDIA Corporation\NVIDIA NvDLISR;C:\WINDOWS\system32;C:\WINDOWS;C:\WINDOWS\System32\Wbem;C:\WINDOWS\System32\WindowsPowerShell\v1.0\;C:\WINDOWS\System32\OpenSSH\;D:\BandiZip\;D:\Everything;D:\Google\Chrome\Application;D:\Java\jdk_17\bin;D:\Java\jdk_17\jre\bin;D:\adb\;D:\MinGW\bin;D:\MinGW\include;D:\MySQL\mysql-8.0.31-winx64\bin;C:\Program Files\dotnet\;D:\Tomcat\bin;D:\Git\cmd;D:\Maven\bin;D:\Xftp\;D:\Xshell\;D:\微信web开发者工具\dll;D:\Node\;C:\ProgramData\chocolatey\bin;C:\Program Files (x86)\Microsoft SQL Server\160\DTS\Binn\;C:\Program Files\Azure Data Studio\bin;D:\Python\Scripts\;D:\Python\;C:\Users\夢燐\AppData\Local\Microsoft\WindowsApps;D:\PyCharm\bin;D:\Everything;C:\Users\夢燐\AppData\Local\Microsoft\WindowsApps;;D:\idea_CL\CLion 2021.3.2\bin;;D:\idea_PC\PyCharm 2022.2.1\bin;;D:\idea_PC\PyCharm Community Edition\bin;;D:\idea_IJ\IntelliJ IDEA Community Edition\bin;;D:\idea_IJ\IntelliJ IDEA 2022.2.1\bin;;D:\idea_WS\WebStorm 2022.2.1\bin;;D:\VS Code\Microsoft VS Code\bin;C:\Users\夢燐\AppData\Roaming\npm;C:\Program Files\Azure Data Studio\bin;."/>
    <property name="java.vm.info" value="mixed mode, sharing"/>
    <property name="java.vendor" value="Oracle Corporation"/>
    <property name="java.vm.version" value="17.0.2+8-LTS-86"/>
    <property name="sun.io.unicode.encoding" value="UnicodeLittle"/>
    <property name="maven.repo.local" value="E:\Maven"/>
    <property name="java.class.version" value="61.0"/>
  </properties>
  <testcase name="contextLoads" classname="com.menglin.BookSystemApplicationTests" time="0.198"/>
</testsuite>